Socket {
  nsp: Namespace {
    name: '/',
    server: Server {
      nsps: [Object],
      parentNsps: Map {},
      _path: '/socket.io',
      _serveClient: true,
      parser: [Object],
      encoder: Encoder {},
      _adapter: [Function: Adapter],
      _origins: '*:*',
      sockets: [Circular],
      eio: [Server],
      httpServer: [Server],
      engine: [Server]
    },
    sockets: { 'X6zfEEtJabDS_9_-AAAA': [Circular] },
    connected: { 'X6zfEEtJabDS_9_-AAAA': [Circular] },
    fns: [],
    ids: 0,
    rooms: [],
    flags: {},
    adapter: Adapter {
      nsp: [Circular],
      rooms: [Object],
      sids: [Object],
      encoder: Encoder {}
    },
    _events: [Object: null prototype] { connection: [Function] },
    _eventsCount: 1
  },
  server: Server {
    nsps: { '/': [Namespace] },
    parentNsps: Map {},
    _path: '/socket.io',
    _serveClient: true,
    parser: {
      protocol: 4,
      types: [Array],
      CONNECT: 0,
      DISCONNECT: 1,
      EVENT: 2,
      ACK: 3,
      ERROR: 4,
      BINARY_EVENT: 5,
      BINARY_ACK: 6,
      Encoder: [Function: Encoder],
      Decoder: [Function: Decoder]
    },
    encoder: Encoder {},
    _adapter: [Function: Adapter],
    _origins: '*:*',
    sockets: Namespace {
      name: '/',
      server: [Circular],
      sockets: [Object],
      connected: [Object],
      fns: [],
      ids: 0,
      rooms: [],
      flags: {},
      adapter: [Adapter],
      _events: [Object: null prototype],
      _eventsCount: 1
    },
    eio: Server {
      clients: [Object],
      clientsCount: 1,
      wsEngine: 'ws',
      pingTimeout: 5000,
      pingInterval: 25000,
      upgradeTimeout: 10000,
      maxHttpBufferSize: 100000000,
      transports: [Array],
      allowUpgrades: true,
      allowRequest: [Function: bound ],
      cookie: 'io',
      cookiePath: '/',
      cookieHttpOnly: true,
      perMessageDeflate: [Object],
      httpCompression: [Object],
      initialPacket: [Array],
      ws: [WebSocketServer],
      _events: [Object: null prototype],
      _eventsCount: 1
    },
    httpServer: Server {
      insecureHTTPParser: undefined,
      _events: [Object: null prototype],
      _eventsCount: 5,
      _maxListeners: undefined,
      _connections: 1,
      _handle: [TCP],
      _usingWorkers: false,
      _workers: [],
      _unref: false,
      allowHalfOpen: true,
      pauseOnConnect: false,
      httpAllowHalfOpen: false,
      timeout: 120000,
      keepAliveTimeout: 5000,
      maxHeadersCount: null,
      headersTimeout: 60000,
      _connectionKey: '6::::8080',
      [Symbol(IncomingMessage)]: [Function: IncomingMessage],
      [Symbol(ServerResponse)]: [Function: ServerResponse],
      [Symbol(kCapture)]: false,
      [Symbol(asyncId)]: 5
    },
    engine: Server {
      clients: [Object],
      clientsCount: 1,
      wsEngine: 'ws',
      pingTimeout: 5000,
      pingInterval: 25000,
      upgradeTimeout: 10000,
      maxHttpBufferSize: 100000000,
      transports: [Array],
      allowUpgrades: true,
      allowRequest: [Function: bound ],
      cookie: 'io',
      cookiePath: '/',
      cookieHttpOnly: true,
      perMessageDeflate: [Object],
      httpCompression: [Object],
      initialPacket: [Array],
      ws: [WebSocketServer],
      _events: [Object: null prototype],
      _eventsCount: 1
    }
  },
  adapter: Adapter {
    nsp: Namespace {
      name: '/',
      server: [Server],
      sockets: [Object],
      connected: [Object],
      fns: [],
      ids: 0,
      rooms: [],
      flags: {},
      adapter: [Circular],
      _events: [Object: null prototype],
      _eventsCount: 1
    },
    rooms: { 'X6zfEEtJabDS_9_-AAAA': [Room] },
    sids: { 'X6zfEEtJabDS_9_-AAAA': [Object] },
    encoder: Encoder {}
  },
  id: 'X6zfEEtJabDS_9_-AAAA',
  client: Client {
    server: Server {
      nsps: [Object],
      parentNsps: Map {},
      _path: '/socket.io',
      _serveClient: true,
      parser: [Object],
      encoder: Encoder {},
      _adapter: [Function: Adapter],
      _origins: '*:*',
      sockets: [Namespace],
      eio: [Server],
      httpServer: [Server],
      engine: [Server]
    },
    conn: Socket {
      id: 'X6zfEEtJabDS_9_-AAAA',
      server: [Server],
      upgrading: false,
      upgraded: false,
      readyState: 'open',
      writeBuffer: [],
      packetsFn: [],
      sentCallbackFn: [],
      cleanupFn: [Array],
      request: [IncomingMessage],
      remoteAddress: '::ffff:127.0.0.1',
      checkIntervalTimer: null,
      upgradeTimeoutTimer: null,
      pingTimeoutTimer: Timeout {
        _idleTimeout: 30000,
        _idlePrev: [TimersList],
        _idleNext: [TimersList],
        _idleStart: 89980,
        _onTimeout: [Function],
        _timerArgs: undefined,
        _repeat: null,
        _destroyed: false,
        [Symbol(refed)]: true,
        [Symbol(asyncId)]: 82,
        [Symbol(triggerId)]: 78
      },
      transport: [XHR],
      _events: [Object: null prototype],
      _eventsCount: 3
    },
    encoder: Encoder {},
    decoder: Decoder { reconstructor: null, _callbacks: [Object] },
    id: 'X6zfEEtJabDS_9_-AAAA',
    request: IncomingMessage {
      _readableState: [ReadableState],
      readable: true,
      _events: [Object: null prototype],
      _eventsCount: 1,
      _maxListeners: undefined,
      socket: [Socket],
      connection: [Socket],
      httpVersionMajor: 1,
      httpVersionMinor: 1,
      httpVersion: '1.1',
      complete: true,
      headers: [Object],
      rawHeaders: [Array],
      trailers: {},
      rawTrailers: [],
      aborted: false,
      upgrade: false,
      url: '/socket.io/?EIO=3&transport=polling&t=N9aN9G0',
      method: 'GET',
      statusCode: null,
      statusMessage: null,
      client: [Socket],
      _consuming: false,
      _dumped: true,
      _query: [Object: null prototype],
      res: [ServerResponse],
      cleanup: [Function: cleanup],
      [Symbol(kCapture)]: false
    },
    onclose: [Function: bound ],
    ondata: [Function: bound ],
    onerror: [Function: bound ],
    ondecoded: [Function: bound ],
    sockets: { 'X6zfEEtJabDS_9_-AAAA': [Circular] },
    nsps: { '/': [Circular] },
    connectBuffer: []
  },
  conn: Socket {
    id: 'X6zfEEtJabDS_9_-AAAA',
    server: Server {
      clients: [Object],
      clientsCount: 1,
      wsEngine: 'ws',
      pingTimeout: 5000,
      pingInterval: 25000,
      upgradeTimeout: 10000,
      maxHttpBufferSize: 100000000,
      transports: [Array],
      allowUpgrades: true,
      allowRequest: [Function: bound ],
      cookie: 'io',
      cookiePath: '/',
      cookieHttpOnly: true,
      perMessageDeflate: [Object],
      httpCompression: [Object],
      initialPacket: [Array],
      ws: [WebSocketServer],
      _events: [Object: null prototype],
      _eventsCount: 1
    },
    upgrading: false,
    upgraded: false,
    readyState: 'open',
    writeBuffer: [],
    packetsFn: [],
    sentCallbackFn: [],
    cleanupFn: [ [Function], [Function] ],
    request: IncomingMessage {
      _readableState: [ReadableState],
      readable: true,
      _events: [Object: null prototype],
      _eventsCount: 1,
      _maxListeners: undefined,
      socket: [Socket],
      connection: [Socket],
      httpVersionMajor: 1,
      httpVersionMinor: 1,
      httpVersion: '1.1',
      complete: true,
      headers: [Object],
      rawHeaders: [Array],
      trailers: {},
      rawTrailers: [],
      aborted: false,
      upgrade: false,
      url: '/socket.io/?EIO=3&transport=polling&t=N9aN9G0',
      method: 'GET',
      statusCode: null,
      statusMessage: null,
      client: [Socket],
      _consuming: false,
      _dumped: true,
      _query: [Object: null prototype],
      res: [ServerResponse],
      cleanup: [Function: cleanup],
      [Symbol(kCapture)]: false
    },
    remoteAddress: '::ffff:127.0.0.1',
    checkIntervalTimer: null,
    upgradeTimeoutTimer: null,
    pingTimeoutTimer: Timeout {
      _idleTimeout: 30000,
      _idlePrev: [TimersList],
      _idleNext: [TimersList],
      _idleStart: 89980,
      _onTimeout: [Function],
      _timerArgs: undefined,
      _repeat: null,
      _destroyed: false,
      [Symbol(refed)]: true,
      [Symbol(asyncId)]: 82,
      [Symbol(triggerId)]: 78
    },
    transport: XHR {
      readyState: 'open',
      discarded: false,
      closeTimeout: 30000,
      maxHttpBufferSize: 100000000,
      httpCompression: [Object],
      supportsBinary: true,
      _events: [Object: null prototype],
      _eventsCount: 5,
      sid: 'X6zfEEtJabDS_9_-AAAA',
      req: null,
      res: null,
      writable: false
    },
    _events: [Object: null prototype] {
      close: [Array],
      data: [Function: bound ],
      error: [Function: bound ]
    },
    _eventsCount: 3
  },
  rooms: {},
  acks: {},
  connected: true,
  disconnected: false,
  handshake: {
    headers: {
      connection: 'upgrade',
      host: '139.59.75.68',
      accept: '*/*',
      'user-agent': 'Mozilla/5.0 (Macintosh; Intel Mac OS X 10_14_5) AppleWebKit/537.36 (KHTML, like Gecko) Chrome/83.0.4103.61 Safari/537.36',
      referer: 'http://139.59.75.68/dashboard',
      'accept-encoding': 'gzip, deflate',
      'accept-language': 'en-GB,en-US;q=0.9,en;q=0.8,de;q=0.7',
      cookie: 'XSRF-TOKEN=eyJpdiI6ImxDWlcrcUZCVjR3SlNiK1JOdGNpdVE9PSIsInZhbHVlIjoiWHFKdXVwaVZMRXF6c2FoQTJwODJVQWRhVlwvSEpRM2hqYytWU2NrMk9sdU5VNjNhXC9lNVRoQ1ZcL096UnMzWmJLMyIsIm1hYyI6IjEwYTNmNGM1NTQ5YWE4ODgzYjllNzQwMDQ1YTg2YzNjYjE3ZGI2M2JmZTExMzMyNDM0YWQyZDNmNTdhNDQ1Y2IifQ%3D%3D; jhonelewis_session=eyJpdiI6IkJwaGh1ZmRCZ0JcL0FYSG52UFVVSlJ3PT0iLCJ2YWx1ZSI6IkhORllDSjRYS1NOdTJQdWdUYlRRRXZhbVhFbkx5aVZrQTlcL29YR0hEdW13T01oN245NzVYVmkrXC9lYkFWY0dETCIsIm1hYyI6ImE5NzQ2YTQyMDg1ZTkwYzcyOGM2NDRiOGYzOGRjNmE1ZmYzNTA2MWUxZmY3Y2Q2NWE2YmM5MDllMzlmMzEwMTQifQ%3D%3D'
    },
    time: 'Sat May 30 2020 06:54:48 GMT+0000 (Coordinated Universal Time)',
    address: '::ffff:127.0.0.1',
    xdomain: false,
    secure: false,
    issued: 1590821688415,
    url: '/socket.io/?EIO=3&transport=polling&t=N9aN9G0',
    query: { EIO: '3', transport: 'polling', t: 'N9aN9G0' }
  },
  fns: [],
  flags: {},
  _rooms: []
}
client connected
/var/www/html/jhonlewis/public/js/server.js:36
    var redisClient = redis.createClient();
                      ^

ReferenceError: redis is not defined
    at Namespace.<anonymous> (/var/www/html/jhonlewis/public/js/server.js:36:23)
    at Namespace.emit (events.js:315:20)
    at Namespace.emit (/var/www/html/jhonlewis/public/js/node_modules/socket.io/lib/namespace.js:213:10)
    at /var/www/html/jhonlewis/public/js/node_modules/socket.io/lib/namespace.js:181:14
    at processTicksAndRejections (internal/process/task_queues.js:79:11)
client connected
client connected
client connected
client connected
client connected
client connected
client connected
client connected
client connected
client connected
client connected
client connected
